<?xml version="1.0" encoding="UTF-8"?>
<!-- Generated by org.testng.reporters.JUnitReportReporter -->
<testsuite skipped="0" hostname="LAPTOP-D4SH1TUS" name="com.automation.testcase.SampleTestcase_1" tests="1" failures="0" timestamp="26 Nov 2019 03:32:39 GMT" time="15.139" errors="0">
  <testcase name="test" time="15.139" classname="com.automation.testcase.SampleTestcase_1"/>
</testsuite> <!-- com.automation.testcase.SampleTestcase_1 -->
